<?xml version="1.0" encoding="UTF-8"?>
<!-- Generated by org.testng.reporters.JUnitReportReporter -->
<testsuite hostname="LAPTOP-POQKE9NF" failures="0" tests="1" name="testCase.TC001_TestCase01" time="5.031" errors="0" timestamp="2024-11-27T20:08:01 IST" skipped="0">
  <testcase classname="testCase.TC001_TestCase01" name="test" time="5.031"/>
</testsuite> <!-- testCase.TC001_TestCase01 -->
